mode: atomic
github.com/republicprotocol/go-x/client.go:14.91,18.16 2 25062
github.com/republicprotocol/go-x/client.go:21.2,30.16 6 25062
github.com/republicprotocol/go-x/client.go:34.2,35.38 2 25062
github.com/republicprotocol/go-x/client.go:42.2,42.19 1 25062
github.com/republicprotocol/go-x/client.go:18.16,20.3 1 0
github.com/republicprotocol/go-x/client.go:30.16,32.3 1 0
github.com/republicprotocol/go-x/client.go:35.38,37.17 2 74147
github.com/republicprotocol/go-x/client.go:40.3,40.30 1 74147
github.com/republicprotocol/go-x/client.go:37.17,39.4 1 0
github.com/republicprotocol/go-x/client.go:48.131,51.16 2 1280
github.com/republicprotocol/go-x/client.go:54.2,63.16 6 1280
github.com/republicprotocol/go-x/client.go:67.2,68.16 2 1280
github.com/republicprotocol/go-x/client.go:71.2,71.18 1 1280
github.com/republicprotocol/go-x/client.go:51.16,53.3 1 0
github.com/republicprotocol/go-x/client.go:63.16,65.3 1 0
github.com/republicprotocol/go-x/client.go:68.16,70.3 1 0
github.com/republicprotocol/go-x/node.go:21.67,23.16 2 80710
github.com/republicprotocol/go-x/node.go:26.2,27.16 2 80710
github.com/republicprotocol/go-x/node.go:30.2,31.16 2 80710
github.com/republicprotocol/go-x/node.go:34.2,34.18 1 80710
github.com/republicprotocol/go-x/node.go:23.16,25.3 1 0
github.com/republicprotocol/go-x/node.go:27.16,29.3 1 0
github.com/republicprotocol/go-x/node.go:31.16,33.3 1 0
github.com/republicprotocol/go-x/node.go:52.109,54.16 2 2560
github.com/republicprotocol/go-x/node.go:57.2,58.31 2 2560
github.com/republicprotocol/go-x/node.go:63.2,68.8 1 2560
github.com/republicprotocol/go-x/node.go:54.16,56.3 1 0
github.com/republicprotocol/go-x/node.go:58.31,59.43 1 0
github.com/republicprotocol/go-x/node.go:59.43,61.4 1 0
github.com/republicprotocol/go-x/node.go:72.33,74.16 2 2560
github.com/republicprotocol/go-x/node.go:77.2,78.16 2 2560
github.com/republicprotocol/go-x/node.go:81.2,82.16 2 2560
github.com/republicprotocol/go-x/node.go:85.2,87.36 3 2560
github.com/republicprotocol/go-x/node.go:74.16,76.3 1 0
github.com/republicprotocol/go-x/node.go:78.16,80.3 1 0
github.com/republicprotocol/go-x/node.go:82.16,84.3 1 0
github.com/republicprotocol/go-x/node.go:90.64,92.16 2 0
github.com/republicprotocol/go-x/node.go:95.2,96.18 2 0
github.com/republicprotocol/go-x/node.go:99.2,100.16 2 0
github.com/republicprotocol/go-x/node.go:103.2,104.19 2 0
github.com/republicprotocol/go-x/node.go:92.16,94.3 1 0
github.com/republicprotocol/go-x/node.go:96.18,98.3 1 0
github.com/republicprotocol/go-x/node.go:100.16,102.3 1 0
github.com/republicprotocol/go-x/peers.go:11.96,12.34 1 25062
github.com/republicprotocol/go-x/peers.go:17.2,18.12 2 25062
github.com/republicprotocol/go-x/peers.go:23.2,23.9 1 25062
github.com/republicprotocol/go-x/peers.go:12.34,14.3 1 0
github.com/republicprotocol/go-x/peers.go:18.12,21.3 2 25062
github.com/republicprotocol/go-x/peers.go:24.21,25.18 1 25062
github.com/republicprotocol/go-x/peers.go:28.20,29.42 1 0
github.com/republicprotocol/go-x/peers.go:33.53,40.31 3 25062
github.com/republicprotocol/go-x/peers.go:43.2,43.12 1 25062
github.com/republicprotocol/go-x/peers.go:40.31,42.3 1 74147
github.com/republicprotocol/go-x/ping.go:16.96,17.34 1 54368
github.com/republicprotocol/go-x/ping.go:22.2,23.12 2 54368
github.com/republicprotocol/go-x/ping.go:28.2,28.9 1 54368
github.com/republicprotocol/go-x/ping.go:17.34,19.3 1 0
github.com/republicprotocol/go-x/ping.go:23.12,26.3 2 54368
github.com/republicprotocol/go-x/ping.go:29.21,30.67 1 54368
github.com/republicprotocol/go-x/ping.go:33.20,34.73 1 0
github.com/republicprotocol/go-x/ping.go:38.60,40.16 2 54368
github.com/republicprotocol/go-x/ping.go:43.2,47.30 3 54368
github.com/republicprotocol/go-x/ping.go:63.2,63.12 1 54368
github.com/republicprotocol/go-x/ping.go:40.16,42.3 1 0
github.com/republicprotocol/go-x/ping.go:47.30,50.17 2 0
github.com/republicprotocol/go-x/ping.go:53.3,54.17 2 0
github.com/republicprotocol/go-x/ping.go:58.3,58.13 1 0
github.com/republicprotocol/go-x/ping.go:61.3,61.13 1 0
github.com/republicprotocol/go-x/ping.go:50.17,52.4 1 0
github.com/republicprotocol/go-x/ping.go:54.17,56.4 1 0
github.com/republicprotocol/go-x/ping.go:58.13,60.4 1 0
github.com/republicprotocol/go-x/ping.go:69.89,73.16 2 54368
github.com/republicprotocol/go-x/ping.go:76.2,85.16 6 54368
github.com/republicprotocol/go-x/ping.go:89.2,90.16 2 54368
github.com/republicprotocol/go-x/ping.go:93.2,93.18 1 54368
github.com/republicprotocol/go-x/ping.go:73.16,75.3 1 0
github.com/republicprotocol/go-x/ping.go:85.16,87.3 1 0
github.com/republicprotocol/go-x/ping.go:90.16,92.3 1 0
github.com/republicprotocol/go-x/send.go:18.119,20.34 1 2560
github.com/republicprotocol/go-x/send.go:25.2,30.12 3 2560
github.com/republicprotocol/go-x/send.go:36.2,36.9 1 2560
github.com/republicprotocol/go-x/send.go:20.34,22.3 1 0
github.com/republicprotocol/go-x/send.go:30.12,34.3 3 2560
github.com/republicprotocol/go-x/send.go:38.20,39.73 1 0
github.com/republicprotocol/go-x/send.go:42.21,43.37 1 2560
github.com/republicprotocol/go-x/send.go:47.104,50.32 2 2560
github.com/republicprotocol/go-x/send.go:55.2,61.16 5 1280
github.com/republicprotocol/go-x/send.go:65.2,67.16 3 1280
github.com/republicprotocol/go-x/send.go:70.2,71.16 2 1280
github.com/republicprotocol/go-x/send.go:74.2,79.49 4 1280
github.com/republicprotocol/go-x/send.go:88.2,88.20 1 1280
github.com/republicprotocol/go-x/send.go:91.2,91.39 1 1280
github.com/republicprotocol/go-x/send.go:99.2,100.16 2 1280
github.com/republicprotocol/go-x/send.go:103.2,103.27 1 1280
github.com/republicprotocol/go-x/send.go:113.2,113.20 1 940
github.com/republicprotocol/go-x/send.go:210.2,210.24 1 940
github.com/republicprotocol/go-x/send.go:213.2,214.16 2 940
github.com/republicprotocol/go-x/send.go:218.2,218.57 1 940
github.com/republicprotocol/go-x/send.go:50.32,53.3 2 1280
github.com/republicprotocol/go-x/send.go:61.16,64.3 1 0
github.com/republicprotocol/go-x/send.go:67.16,69.3 1 0
github.com/republicprotocol/go-x/send.go:71.16,73.3 1 0
github.com/republicprotocol/go-x/send.go:79.49,81.17 2 27106
github.com/republicprotocol/go-x/send.go:84.3,84.45 1 27106
github.com/republicprotocol/go-x/send.go:81.17,83.4 1 0
github.com/republicprotocol/go-x/send.go:84.45,86.4 1 27106
github.com/republicprotocol/go-x/send.go:88.20,90.3 1 0
github.com/republicprotocol/go-x/send.go:91.39,96.3 4 152250
github.com/republicprotocol/go-x/send.go:100.16,102.3 1 0
github.com/republicprotocol/go-x/send.go:103.27,106.3 2 340
github.com/republicprotocol/go-x/send.go:113.20,115.20 2 14871
github.com/republicprotocol/go-x/send.go:118.3,125.38 3 14871
github.com/republicprotocol/go-x/send.go:194.3,195.25 2 14871
github.com/republicprotocol/go-x/send.go:202.3,202.40 1 13931
github.com/republicprotocol/go-x/send.go:115.20,117.4 1 0
github.com/republicprotocol/go-x/send.go:125.38,126.22 1 25062
github.com/republicprotocol/go-x/send.go:129.4,132.18 4 25062
github.com/republicprotocol/go-x/send.go:135.4,137.14 2 25062
github.com/republicprotocol/go-x/send.go:126.22,127.10 1 0
github.com/republicprotocol/go-x/send.go:132.18,134.5 1 0
github.com/republicprotocol/go-x/send.go:137.14,143.19 3 25062
github.com/republicprotocol/go-x/send.go:149.5,150.32 2 25062
github.com/republicprotocol/go-x/send.go:172.5,173.27 2 25062
github.com/republicprotocol/go-x/send.go:143.19,145.6 1 0
github.com/republicprotocol/go-x/send.go:150.32,152.20 2 61372
github.com/republicprotocol/go-x/send.go:155.6,155.27 1 61372
github.com/republicprotocol/go-x/send.go:169.6,169.39 1 60431
github.com/republicprotocol/go-x/send.go:152.20,154.7 1 0
github.com/republicprotocol/go-x/send.go:155.27,160.29 2 941
github.com/republicprotocol/go-x/send.go:163.7,164.12 2 941
github.com/republicprotocol/go-x/send.go:160.29,162.8 1 940
github.com/republicprotocol/go-x/send.go:173.27,179.36 3 23906
github.com/republicprotocol/go-x/send.go:188.6,188.21 1 23906
github.com/republicprotocol/go-x/send.go:179.36,181.21 2 47658
github.com/republicprotocol/go-x/send.go:184.7,184.49 1 47658
github.com/republicprotocol/go-x/send.go:181.21,183.8 1 0
github.com/republicprotocol/go-x/send.go:184.49,186.8 1 23752
github.com/republicprotocol/go-x/send.go:189.6,191.6 1 1156
github.com/republicprotocol/go-x/send.go:195.25,198.9 1 940
github.com/republicprotocol/go-x/send.go:202.40,207.4 4 9573
github.com/republicprotocol/go-x/send.go:210.24,212.3 1 0
github.com/republicprotocol/go-x/send.go:214.16,216.3 1 0
